#
# There is insufficient memory for the Java Runtime Environment to continue.
# Native memory allocation (malloc) failed to allocate 1142192 bytes for Chunk::new
# Possible reasons:
#   The system is out of physical RAM or swap space
#   In 32 bit mode, the process size limit was hit
# Possible solutions:
#   Reduce memory load on the system
#   Increase physical memory or swap space
#   Check if swap backing store is full
#   Use 64 bit Java on a 64 bit OS
#   Decrease Java heap size (-Xmx/-Xms)
#   Decrease number of Java threads
#   Decrease Java thread stack sizes (-Xss)
#   Set larger code cache with -XX:ReservedCodeCacheSize=
# This output file may be truncated or incomplete.
#
#  Out of Memory Error (allocation.cpp:390), pid=15404, tid=0x0000000000003100
#
# JRE version: OpenJDK Runtime Environment (8.0_76-b03) (build 1.8.0_76-release-b03)
# Java VM: OpenJDK 64-Bit Server VM (25.76-b03 mixed mode windows-amd64 compressed oops)
# Failed to write core dump. Minidumps are not enabled by default on client versions of Windows
#

---------------  T H R E A D  ---------------

Current thread (0x0000000016b4d000):  JavaThread "C2 CompilerThread0" daemon [_thread_in_native, id=12544, stack(0x00000000181b0000,0x00000000182b0000)]

Stack: [0x00000000181b0000,0x00000000182b0000]
[error occurred during error reporting (printing stack bounds), id 0xc0000005]

Native frames: (J=compiled Java code, j=interpreted, Vv=VM code, C=native code)


Current CompileTask:
C2: 132101 5912       4       java.lang.Class::privateGetMethodRecursive (130 bytes)


---------------  P R O C E S S  ---------------

Java Threads: ( => current thread )
  0x000000001bc2c800 JavaThread "pool-2-thread-1" [_thread_blocked, id=5956, stack(0x0000000020280000,0x0000000020380000)]
  0x0000000018c43000 JavaThread "File lock request listener" [_thread_in_native, id=11032, stack(0x000000001e6d0000,0x000000001e7d0000)]
  0x0000000018bd0800 JavaThread "Asynchronous log dispatcher for org.gradle.launcher.daemon.server.DefaultDaemonConnection@a5a5abc" [_thread_blocked, id=10124, stack(0x000000001af60000,0x000000001b060000)]
  0x0000000016ba4000 JavaThread "Daemon worker" [_thread_in_vm, id=17904, stack(0x000000001ae60000,0x000000001af60000)]
  0x00000000185ec800 JavaThread "Cancel handler" [_thread_blocked, id=17660, stack(0x000000001ad60000,0x000000001ae60000)]
  0x0000000016b97000 JavaThread "Handler for socket connection from /127.0.0.1:53380 to /127.0.0.1:53383" [_thread_in_native, id=9252, stack(0x000000001ac60000,0x000000001ad60000)]
  0x0000000018cee000 JavaThread "Daemon" [_thread_blocked, id=9820, stack(0x000000001ab60000,0x000000001ac60000)]
  0x00000000198a3800 JavaThread "pool-1-thread-1" [_thread_blocked, id=11856, stack(0x000000001aa60000,0x000000001ab60000)]
  0x0000000018e84800 JavaThread "Incoming local TCP Connector on port 53380" [_thread_in_native, id=14600, stack(0x00000000192b0000,0x00000000193b0000)]
  0x00000000184d5000 JavaThread "Service Thread" daemon [_thread_blocked, id=12908, stack(0x00000000188b0000,0x00000000189b0000)]
  0x0000000016b56000 JavaThread "C1 CompilerThread2" daemon [_thread_blocked, id=18956, stack(0x00000000183b0000,0x00000000184b0000)]
  0x0000000016b4f000 JavaThread "C2 CompilerThread1" daemon [_thread_in_native, id=13676, stack(0x00000000182b0000,0x00000000183b0000)]
=>0x0000000016b4d000 JavaThread "C2 CompilerThread0" daemon [_thread_in_native, id=12544, stack(0x00000000181b0000,0x00000000182b0000)]
  0x0000000016b4b800 JavaThread "Attach Listener" daemon [_thread_blocked, id=20992, stack(0x00000000180b0000,0x00000000181b0000)]
  0x0000000016b4a800 JavaThread "Signal Dispatcher" daemon [_thread_blocked, id=20712, stack(0x0000000017fb0000,0x00000000180b0000)]
  0x00000000031db000 JavaThread "Finalizer" daemon [_thread_blocked, id=4988, stack(0x0000000017dc0000,0x0000000017ec0000)]
  0x00000000031cf800 JavaThread "Reference Handler" daemon [_thread_blocked, id=8224, stack(0x0000000017cc0000,0x0000000017dc0000)]
  0x00000000030e0800 JavaThread "main" [_thread_blocked, id=10516, stack(0x0000000002ef0000,0x0000000002ff0000)]

Other Threads:
  0x0000000016b16800 VMThread [stack: 0x0000000017bc0000,0x0000000017cc0000] [id=16224]
  0x0000000016b8e000 WatcherThread [stack: 0x00000000189b0000,0x0000000018ab0000] [id=17160]

VM state:not at safepoint (normal execution)

VM Mutex/Monitor currently owned by a thread: None

Heap:
 PSYoungGen      total 106496K, used 70191K [0x00000000e0000000, 0x00000000e8000000, 0x0000000100000000)
  eden space 98304K, 65% used [0x00000000e0000000,0x00000000e3ee5800,0x00000000e6000000)
  from space 8192K, 70% used [0x00000000e6000000,0x00000000e65a6778,0x00000000e6800000)
  to   space 8704K, 0% used [0x00000000e7780000,0x00000000e7780000,0x00000000e8000000)
 ParOldGen       total 49664K, used 21358K [0x00000000a0000000, 0x00000000a3080000, 0x00000000e0000000)
  object space 49664K, 43% used [0x00000000a0000000,0x00000000a14dbac8,0x00000000a3080000)
 Metaspace       used 45891K, capacity 47136K, committed 47232K, reserved 1089536K
  class space    used 6166K, capacity 6432K, committed 6528K, reserved 1048576K

Card table byte_map: [0x00000000125a0000,0x00000000128b0000] byte_map_base: 0x00000000120a0000

Marking Bits: (ParMarkBitMap*) 0x0000000056f29d00
 Begin Bits: [0x0000000012eb0000, 0x00000000146b0000)
 End Bits:   [0x00000000146b0000, 0x0000000015eb0000)

Polling page: 0x0000000001120000

CodeCache: size=245760Kb used=18954Kb max_used=18954Kb free=226805Kb
 bounds [0x00000000031e0000, 0x0000000004480000, 0x00000000121e0000]
 total_blobs=6086 nmethods=5382 adapters=616
 compilation: enabled

Compilation events (10 events):
Event: 131.842 Thread 0x0000000016b56000 6007       3       com.google.common.collect.LinkedHashMultimap$ValueSet$1::<init> (32 bytes)
Event: 131.842 Thread 0x0000000016b56000 nmethod 6007 0x0000000004470110 code [0x0000000004470280, 0x0000000004470490]
Event: 131.845 Thread 0x0000000016b4f000 nmethod 6005 0x0000000004473250 code [0x0000000004473380, 0x0000000004473438]
Event: 131.845 Thread 0x0000000016b4f000 6008       4       org.objectweb.asm.MethodWriter::visitMethodInsn (220 bytes)
Event: 131.845 Thread 0x0000000016b56000 6009       3       org.objectweb.asm.Type::getType (107 bytes)
Event: 131.848 Thread 0x0000000016b56000 nmethod 6009 0x0000000004472110 code [0x0000000004472340, 0x0000000004472e68]
Event: 131.849 Thread 0x0000000016b56000 6010       3       org.objectweb.asm.Type::getArgumentsAndReturnSizes (151 bytes)
Event: 131.852 Thread 0x0000000016b56000 nmethod 6010 0x0000000004470a10 code [0x0000000004470c40, 0x0000000004471af8]
Event: 131.863 Thread 0x0000000016b56000 6011       3       com.google.common.base.Preconditions::checkState (17 bytes)
Event: 131.864 Thread 0x0000000016b56000 nmethod 6011 0x0000000004473510 code [0x00000000044736a0, 0x0000000004473a58]

GC Heap History (10 events):
Event: 84.522 GC heap before
{Heap before GC invocations=15 (full 1):
 PSYoungGen      total 65536K, used 43606K [0x00000000e0000000, 0x00000000e5b80000, 0x0000000100000000)
  eden space 58368K, 64% used [0x00000000e0000000,0x00000000e24d8b98,0x00000000e3900000)
  from space 7168K, 81% used [0x00000000e3900000,0x00000000e3ebcd58,0x00000000e4000000)
  to   space 7680K, 0% used [0x00000000e5400000,0x00000000e5400000,0x00000000e5b80000)
 ParOldGen       total 31744K, used 11758K [0x00000000a0000000, 0x00000000a1f00000, 0x00000000e0000000)
  object space 31744K, 37% used [0x00000000a0000000,0x00000000a0b7bb30,0x00000000a1f00000)
 Metaspace       used 34719K, capacity 35382K, committed 35496K, reserved 1079296K
  class space    used 4681K, capacity 4856K, committed 4864K, reserved 1048576K
Event: 84.542 GC heap after
Heap after GC invocations=15 (full 1):
 PSYoungGen      total 86016K, used 3020K [0x00000000e0000000, 0x00000000e5b80000, 0x0000000100000000)
  eden space 78336K, 0% used [0x00000000e0000000,0x00000000e0000000,0x00000000e4c80000)
  from space 7680K, 39% used [0x00000000e5400000,0x00000000e56f33e8,0x00000000e5b80000)
  to   space 7680K, 0% used [0x00000000e4c80000,0x00000000e4c80000,0x00000000e5400000)
 ParOldGen       total 31744K, used 13740K [0x00000000a0000000, 0x00000000a1f00000, 0x00000000e0000000)
  object space 31744K, 43% used [0x00000000a0000000,0x00000000a0d6b370,0x00000000a1f00000)
 Metaspace       used 34719K, capacity 35382K, committed 35496K, reserved 1079296K
  class space    used 4681K, capacity 4856K, committed 4864K, reserved 1048576K
}
Event: 84.542 GC heap before
{Heap before GC invocations=16 (full 2):
 PSYoungGen      total 86016K, used 3020K [0x00000000e0000000, 0x00000000e5b80000, 0x0000000100000000)
  eden space 78336K, 0% used [0x00000000e0000000,0x00000000e0000000,0x00000000e4c80000)
  from space 7680K, 39% used [0x00000000e5400000,0x00000000e56f33e8,0x00000000e5b80000)
  to   space 7680K, 0% used [0x00000000e4c80000,0x00000000e4c80000,0x00000000e5400000)
 ParOldGen       total 31744K, used 13740K [0x00000000a0000000, 0x00000000a1f00000, 0x00000000e0000000)
  object space 31744K, 43% used [0x00000000a0000000,0x00000000a0d6b370,0x00000000a1f00000)
 Metaspace       used 34719K, capacity 35382K, committed 35496K, reserved 1079296K
  class space    used 4681K, capacity 4856K, committed 4864K, reserved 1048576K
Event: 84.939 GC heap after
Heap after GC invocations=16 (full 2):
 PSYoungGen      total 86016K, used 0K [0x00000000e0000000, 0x00000000e5b80000, 0x0000000100000000)
  eden space 78336K, 0% used [0x00000000e0000000,0x00000000e0000000,0x00000000e4c80000)
  from space 7680K, 0% used [0x00000000e5400000,0x00000000e5400000,0x00000000e5b80000)
  to   space 7680K, 0% used [0x00000000e4c80000,0x00000000e4c80000,0x00000000e5400000)
 ParOldGen       total 49664K, used 15737K [0x00000000a0000000, 0x00000000a3080000, 0x00000000e0000000)
  object space 49664K, 31% used [0x00000000a0000000,0x00000000a0f5e6d0,0x00000000a3080000)
 Metaspace       used 34719K, capacity 35382K, committed 35496K, reserved 1079296K
  class space    used 4681K, capacity 4856K, committed 4864K, reserved 1048576K
}
Event: 106.446 GC heap before
{Heap before GC invocations=17 (full 2):
 PSYoungGen      total 86016K, used 78336K [0x00000000e0000000, 0x00000000e5b80000, 0x0000000100000000)
  eden space 78336K, 100% used [0x00000000e0000000,0x00000000e4c80000,0x00000000e4c80000)
  from space 7680K, 0% used [0x00000000e5400000,0x00000000e5400000,0x00000000e5b80000)
  to   space 7680K, 0% used [0x00000000e4c80000,0x00000000e4c80000,0x00000000e5400000)
 ParOldGen       total 49664K, used 15737K [0x00000000a0000000, 0x00000000a3080000, 0x00000000e0000000)
  object space 49664K, 31% used [0x00000000a0000000,0x00000000a0f5e6d0,0x00000000a3080000)
 Metaspace       used 41479K, capacity 42404K, committed 42752K, reserved 1085440K
  class space    used 5568K, capacity 5802K, committed 5888K, reserved 1048576K
Event: 106.476 GC heap after
Heap after GC invocations=17 (full 2):
 PSYoungGen      total 86016K, used 7666K [0x00000000e0000000, 0x00000000e7280000, 0x0000000100000000)
  eden space 78336K, 0% used [0x00000000e0000000,0x00000000e0000000,0x00000000e4c80000)
  from space 7680K, 99% used [0x00000000e4c80000,0x00000000e53fca98,0x00000000e5400000)
  to   space 8704K, 0% used [0x00000000e6a00000,0x00000000e6a00000,0x00000000e7280000)
 ParOldGen       total 49664K, used 16007K [0x00000000a0000000, 0x00000000a3080000, 0x00000000e0000000)
  object space 49664K, 32% used [0x00000000a0000000,0x00000000a0fa1de8,0x00000000a3080000)
 Metaspace       used 41479K, capacity 42404K, committed 42752K, reserved 1085440K
  class space    used 5568K, capacity 5802K, committed 5888K, reserved 1048576K
}
Event: 116.597 GC heap before
{Heap before GC invocations=18 (full 2):
 PSYoungGen      total 86016K, used 86002K [0x00000000e0000000, 0x00000000e7280000, 0x0000000100000000)
  eden space 78336K, 100% used [0x00000000e0000000,0x00000000e4c80000,0x00000000e4c80000)
  from space 7680K, 99% used [0x00000000e4c80000,0x00000000e53fca98,0x00000000e5400000)
  to   space 8704K, 0% used [0x00000000e6a00000,0x00000000e6a00000,0x00000000e7280000)
 ParOldGen       total 49664K, used 16007K [0x00000000a0000000, 0x00000000a3080000, 0x00000000e0000000)
  object space 49664K, 32% used [0x00000000a0000000,0x00000000a0fa1de8,0x00000000a3080000)
 Metaspace       used 42019K, capacity 42936K, committed 43264K, reserved 1087488K
  class space    used 5599K, capacity 5804K, committed 5888K, reserved 1048576K
Event: 116.636 GC heap after
Heap after GC invocations=18 (full 2):
 PSYoungGen      total 104448K, used 4591K [0x00000000e0000000, 0x00000000e7000000, 0x0000000100000000)
  eden space 98304K, 0% used [0x00000000e0000000,0x00000000e0000000,0x00000000e6000000)
  from space 6144K, 74% used [0x00000000e6a00000,0x00000000e6e7bda0,0x00000000e7000000)
  to   space 8192K, 0% used [0x00000000e6000000,0x00000000e6000000,0x00000000e6800000)
 ParOldGen       total 49664K, used 21350K [0x00000000a0000000, 0x00000000a3080000, 0x00000000e0000000)
  object space 49664K, 42% used [0x00000000a0000000,0x00000000a14d9ac8,0x00000000a3080000)
 Metaspace       used 42019K, capacity 42936K, committed 43264K, reserved 1087488K
  class space    used 5599K, capacity 5804K, committed 5888K, reserved 1048576K
}
Event: 123.185 GC heap before
{Heap before GC invocations=19 (full 2):
 PSYoungGen      total 104448K, used 102895K [0x00000000e0000000, 0x00000000e7000000, 0x0000000100000000)
  eden space 98304K, 100% used [0x00000000e0000000,0x00000000e6000000,0x00000000e6000000)
  from space 6144K, 74% used [0x00000000e6a00000,0x00000000e6e7bda0,0x00000000e7000000)
  to   space 8192K, 0% used [0x00000000e6000000,0x00000000e6000000,0x00000000e6800000)
 ParOldGen       total 49664K, used 21350K [0x00000000a0000000, 0x00000000a3080000, 0x00000000e0000000)
  object space 49664K, 42% used [0x00000000a0000000,0x00000000a14d9ac8,0x00000000a3080000)
 Metaspace       used 43043K, capacity 44010K, committed 44160K, reserved 1087488K
  class space    used 5718K, capacity 5983K, committed 6016K, reserved 1048576K
Event: 123.201 GC heap after
Heap after GC invocations=19 (full 2):
 PSYoungGen      total 106496K, used 5785K [0x00000000e0000000, 0x00000000e8000000, 0x0000000100000000)
  eden space 98304K, 0% used [0x00000000e0000000,0x00000000e0000000,0x00000000e6000000)
  from space 8192K, 70% used [0x00000000e6000000,0x00000000e65a6778,0x00000000e6800000)
  to   space 8704K, 0% used [0x00000000e7780000,0x00000000e7780000,0x00000000e8000000)
 ParOldGen       total 49664K, used 21358K [0x00000000a0000000, 0x00000000a3080000, 0x00000000e0000000)
  object space 49664K, 43% used [0x00000000a0000000,0x00000000a14dbac8,0x00000000a3080000)
 Metaspace       used 43043K, capacity 44010K, committed 44160K, reserved 1087488K
  class space    used 5718K, capacity 5983K, committed 6016K, reserved 1048576K
}

Deoptimization events (10 events):
Event: 123.709 Thread 0x0000000016ba4000 Uncommon trap: reason=class_check action=maybe_recompile pc=0x0000000003b57810 method=org.apache.xerces.impl.XMLDocumentFragmentScannerImpl.scanContent()I @ 82
Event: 123.838 Thread 0x0000000016ba4000 Uncommon trap: reason=range_check action=make_not_entrant pc=0x00000000040f60d4 method=java.lang.String.charAt(I)C @ 27
Event: 129.376 Thread 0x0000000016ba4000 Uncommon trap: reason=unstable_if action=reinterpret pc=0x00000000042c07b8 method=java.util.regex.Pattern$Branch.match(Ljava/util/regex/Matcher;ILjava/lang/CharSequence;)Z @ 35
Event: 129.382 Thread 0x0000000016ba4000 Uncommon trap: reason=class_check action=maybe_recompile pc=0x00000000037536c4 method=sun.misc.URLClassPath.findResource(Ljava/lang/String;Z)Ljava/net/URL; @ 26
Event: 129.470 Thread 0x0000000016ba4000 Uncommon trap: reason=class_check action=maybe_recompile pc=0x00000000037536c4 method=sun.misc.URLClassPath.findResource(Ljava/lang/String;Z)Ljava/net/URL; @ 26
Event: 129.810 Thread 0x0000000016ba4000 Uncommon trap: reason=unstable_if action=reinterpret pc=0x00000000039d7e94 method=groovy.lang.MetaClassImpl$1MOPIter.methodNameAction(Ljava/lang/Class;Lorg/codehaus/groovy/runtime/metaclass/MetaMethodIndex$Entry;)V @ 354
Event: 129.811 Thread 0x0000000016ba4000 Uncommon trap: reason=predicate action=maybe_recompile pc=0x0000000003faf124 method=java.util.Arrays.binarySearch0([Ljava/lang/Object;IILjava/lang/Object;Ljava/util/Comparator;)I @ 28
Event: 130.002 Thread 0x0000000016ba4000 Uncommon trap: reason=unstable_if action=reinterpret pc=0x000000000432ce18 method=java.io.WinNTFileSystem.prefixLength(Ljava/lang/String;)I @ 11
Event: 131.843 Thread 0x0000000016ba4000 Uncommon trap: reason=unstable_if action=reinterpret pc=0x00000000043d7d74 method=org.objectweb.asm.Type.getType(Ljava/lang/Class;)Lorg/objectweb/asm/Type; @ 33
Event: 131.843 Thread 0x0000000016ba4000 Uncommon trap: reason=unstable_if action=reinterpret pc=0x0000000003d7025c method=org.objectweb.asm.Type.getArgumentsAndReturnSizes(Ljava/lang/String;)I @ 47

Internal exceptions (10 events):
Event: 130.388 Thread 0x0000000016ba4000 Exception <a 'java/lang/NoSuchMethodError': java.lang.Object.lambda$static$1(Ljava/util/Set;Ljava/util/Set;)Z> (0x00000000e3500430) thrown at [C:\src\android\AOSP-openjdk\external\jetbrains\jdk\hotspot\src\share\vm\interpreter\linkResolver.cpp, line 582]
Event: 130.389 Thread 0x0000000016ba4000 Exception <a 'java/lang/NoSuchMethodError': java.lang.Object.lambda$static$2(Ljava/util/Set;Ljava/util/Set;)Z> (0x00000000e3502ba0) thrown at [C:\src\android\AOSP-openjdk\external\jetbrains\jdk\hotspot\src\share\vm\interpreter\linkResolver.cpp, line 582]
Event: 130.507 Thread 0x0000000016ba4000 Exception <a 'java/lang/ClassNotFoundException': com/android/build/gradle/internal/tasks/InstallVariantTask_DecoratedBeanInfo> (0x00000000e3650a78) thrown at [C:\src\android\AOSP-openjdk\external\jetbrains\jdk\hotspot\src\share\vm\classfile\systemDictionar|ŠÎÚAP`@
Event: 130.508 Thread 0x0000000016ba4000 Exception <a 'java/lang/ClassNotFoundException': com/android/build/gradle/internal/tasks/InstallVariantTaskBeanInfo> (0x00000000e3663018) thrown at [C:\src\android\AOSP-openjdk\external\jetbrains\jdk\hotspot\src\share\vm\classfile\systemDictionary.cpp, lin¥^LP`@
Event: 130.509 Thread 0x0000000016ba4000 Exception <a 'java/lang/ClassNotFoundException': com/android/build/gradle/internal/tasks/InstallVariantTaskCustomizer> (0x00000000e3675e10) thrown at [C:\src\android\AOSP-openjdk\external\jetbrains\jdk\hotspot\src\share\vm\classfile\systemDictionary.cpp, lAðŒy°P`@
Event: 130.522 Thread 0x0000000016ba4000 Exception <a 'java/lang/ClassNotFoundException': com/android/build/gradle/internal/tasks/InstallVariantTask_DecoratedCustomizer> (0x00000000e36b7af8) thrown at [C:\src\android\AOSP-openjdk\external\jetbrains\jdk\hotspot\src\share\vm\classfile\systemDiction
Event: 130.587 Thread 0x0000000016ba4000 Exception <a 'java/lang/ClassNotFoundException': com/android/build/gradle/internal/tasks/UninstallTask_DecoratedBeanInfo> (0x00000000e37d2190) thrown at [C:\src\android\AOSP-openjdk\external\jetbrains\jdk\hotspot\src\share\vm\classfile\systemDictionary.cppÅÖbUÓR`@
Event: 130.588 Thread 0x0000000016ba4000 Exception <a 'java/lang/ClassNotFoundException': com/android/build/gradle/internal/tasks/UninstallTaskBeanInfo> (0x00000000e37e3f48) thrown at [C:\src\android\AOSP-openjdk\external\jetbrains\jdk\hotspot\src\share\vm\classfile\systemDictionary.cpp, line 210Sí#ÞR`@
Event: 130.590 Thread 0x0000000016ba4000 Exception <a 'java/lang/ClassNotFoundException': com/android/build/gradle/internal/tasks/UninstallTaskCustomizer> (0x00000000e37f5e80) thrown at [C:\src\android\AOSP-openjdk\external\jetbrains\jdk\hotspot\src\share\vm\classfile\systemDictionary.cpp, line 2Ø{ÁñûR`@
Event: 130.593 Thread 0x0000000016ba4000 Exception <a 'java/lang/ClassNotFoundException': com/android/build/gradle/internal/tasks/UninstallTask_DecoratedCustomizer> (0x00000000e381fd18) thrown at [C:\src\android\AOSP-openjdk\external\jetbrains\jdk\hotspot\src\share\vm\classfile\systemDictionary.cL÷¹iL`@

Events (10 events):
Event: 131.935 loading class org/gradle/api/tasks/testing/TestDescriptor
Event: 131.935 loading class org/gradle/api/tasks/testing/TestDescriptor done
Event: 131.936 loading class org/gradle/api/tasks/testing/TestOutputEvent
Event: 131.936 loading class org/gradle/api/tasks/testing/TestOutputEvent done
Event: 131.938 loading class org/gradle/api/internal/tasks/testing/TestStartEvent
Event: 131.938 loading class org/gradle/api/internal/tasks/testing/TestStartEvent done
Event: 131.941 loading class org/gradle/api/tasks/testing/TestResult
Event: 131.941 loading class org/gradle/api/tasks/testing/TestResult done
Event: 131.942 loading class org/gradle/api/internal/tasks/testing/TestCompleteEvent
Event: 131.942 loading class org/gradle/api/internal/tasks/testing/TestCompleteEvent done


Dynamic libraries:
0x00007ff685750000 - 0x00007ff685781000 	C:\Program Files\Android\Android Studio\jre\bin\java.exe
0x00007ffaa0c30000 - 0x00007ffaa0e01000 	C:\WINDOWS\SYSTEM32\ntdll.dll
0x00007ffa9f830000 - 0x00007ffa9f8db000 	C:\WINDOWS\System32\KERNEL32.DLL
0x00007ffa9dea0000 - 0x00007ffa9e0bd000 	C:\WINDOWS\System32\KERNELBASE.dll
0x00007ffaa0190000 - 0x00007ffaa0232000 	C:\WINDOWS\System32\ADVAPI32.dll
0x00007ffaa08e0000 - 0x00007ffaa097e000 	C:\WINDOWS\System32\msvcrt.dll
0x00007ffa9f8e0000 - 0x00007ffa9f939000 	C:\WINDOWS\System32\sechost.dll
0x00007ffa9e1c0000 - 0x00007ffa9e2e1000 	C:\WINDOWS\System32\RPCRT4.dll
0x00007ffa9fd80000 - 0x00007ffa9fee5000 	C:\WINDOWS\System32\USER32.dll
0x00007ffa9d3f0000 - 0x00007ffa9d40e000 	C:\WINDOWS\System32\win32u.dll
0x00007ffaa0b50000 - 0x00007ffaa0b84000 	C:\WINDOWS\System32\GDI32.dll
0x00007ffa9d4d0000 - 0x00007ffa9d652000 	C:\WINDOWS\System32\gdi32full.dll
0x00007ffa926a0000 - 0x00007ffa92919000 	C:\WINDOWS\WinSxS\amd64_microsoft.windows.common-controls_6595b64144ccf1df_6.0.14393.0_none_2d0f50fcbdb171b8\COMCTL32.dll
0x00007ffa9fab0000 - 0x00007ffa9fd77000 	C:\WINDOWS\System32\combase.dll
0x00007ffa9e0c0000 - 0x00007ffa9e1b5000 	C:\WINDOWS\System32\ucrtbase.dll
0x00007ffa9d460000 - 0x00007ffa9d4ca000 	C:\WINDOWS\System32\bcryptPrimitives.dll
0x00007ffa9e2f0000 - 0x00007ffa9e31e000 	C:\WINDOWS\System32\IMM32.DLL
0x0000000057d20000 - 0x0000000057df2000 	C:\Program Files\Android\Android Studio\jre\jre\bin\msvcr100.dll
0x0000000056770000 - 0x0000000056fa4000 	C:\Program Files\Android\Android Studio\jre\jre\bin\server\jvm.dll
0x00007ffaa08d0000 - 0x00007ffaa08d8000 	C:\WINDOWS\System32\PSAPI.DLL
0x00007ffa91d10000 - 0x00007ffa91d1a000 	C:\WINDOWS\SYSTEM32\VERSION.dll
0x00007ffa87ca0000 - 0x00007ffa87ca9000 	C:\WINDOWS\SYSTEM32\WSOCK32.dll
0x00007ffa9b4e0000 - 0x00007ffa9b503000 	C:\WINDOWS\SYSTEM32\WINMM.dll
0x00007ffaa0bc0000 - 0x00007ffaa0c2a000 	C:\WINDOWS\System32\WS2_32.dll
0x00007ffa9b480000 - 0x00007ffa9b4ab000 	C:\WINDOWS\SYSTEM32\WINMMBASE.dll
0x00007ffa9d410000 - 0x00007ffa9d452000 	C:\WINDOWS\System32\cfgmgr32.dll
0x00007ffa8ff20000 - 0x00007ffa8ff2f000 	C:\Program Files\Android\Android Studio\jre\jre\bin\verify.dll
0x00007ffa87ad0000 - 0x00007ffa87af9000 	C:\Program Files\Android\Android Studio\jre\jre\bin\java.dll
0x00007ffa88740000 - 0x00007ffa88756000 	C:\Program Files\Android\Android Studio\jre\jre\bin\zip.dll
0x00007ffa9e320000 - 0x00007ffa9f828000 	C:\WINDOWS\System32\SHELL32.dll
0x00007ffa9d7c0000 - 0x00007ffa9de9a000 	C:\WINDOWS\System32\windows.storage.dll
0x00007ffa9d160000 - 0x00007ffa9d1ac000 	C:\WINDOWS\System32\powrprof.dll
0x00007ffa9f940000 - 0x00007ffa9f992000 	C:\WINDOWS\System32\shlwapi.dll
0x00007ffa9d1b0000 - 0x00007ffa9d1bf000 	C:\WINDOWS\System32\kernel.appcore.dll
0x00007ffa9d660000 - 0x00007ffa9d709000 	C:\WINDOWS\System32\shcore.dll
0x00007ffa9d140000 - 0x00007ffa9d154000 	C:\WINDOWS\System32\profapi.dll
0x00007ffa811a0000 - 0x00007ffa811ba000 	C:\Program Files\Android\Android Studio\jre\jre\bin\net.dll
0x00007ffa9ca60000 - 0x00007ffa9cabc000 	C:\WINDOWS\system32\mswsock.dll
0x00007ffa7d5c0000 - 0x00007ffa7d5d1000 	C:\Program Files\Android\Android Studio\jre\jre\bin\nio.dll
0x00007ffa7cb40000 - 0x00007ffa7cb52000 	C:\Users\kimani kogi\.gradle\native\19\windows-amd64\native-platform.dll
0x00007ffa9cc00000 - 0x00007ffa9cc17000 	C:\WINDOWS\SYSTEM32\CRYPTSP.dll
0x00007ffa9c670000 - 0x00007ffa9c6a3000 	C:\WINDOWS\system32\rsaenh.dll
0x00007ffa9cd10000 - 0x00007ffa9cd3b000 	C:\WINDOWS\SYSTEM32\bcrypt.dll
0x00007ffa9c8e0000 - 0x00007ffa9c8ff000 	C:\WINDOWS\SYSTEM32\USERENV.dll
0x00007ffa9cc20000 - 0x00007ffa9cc2b000 	C:\WINDOWS\SYSTEM32\CRYPTBASE.dll
0x00007ffa9c7f0000 - 0x00007ffa9c828000 	C:\WINDOWS\SYSTEM32\IPHLPAPI.DLL
0x00007ffaa0bb0000 - 0x00007ffaa0bb8000 	C:\WINDOWS\System32\NSI.dll
0x00007ffa96290000 - 0x00007ffa962a6000 	C:\WINDOWS\SYSTEM32\dhcpcsvc6.DLL
0x00007ffa96340000 - 0x00007ffa9635a000 	C:\WINDOWS\SYSTEM32\dhcpcsvc.DLL
0x00007ffa8e010000 - 0x00007ffa8e01d000 	C:\Program Files\Android\Android Studio\jre\jre\bin\management.dll

VM Arguments:
jvm_args: -Xmx1536m -Dfile.encoding=windows-1252 -Duser.country=US -Duser.language=en -Duser.variant 
java_command: org.gradle.launcher.daemon.bootstrap.GradleDaemon 2.14.1
java_class_path (initial): C:\Program Files\Android\Android Studio\gradle\gradle-2.14.1\lib\gradle-launcher-2.14.1.jar
Launcher Type: SUN_STANDARD

Environment Variables:
PATH=C:\ProgramData\Oracle\Java\javapath;C:\Program Files (x86)\NVIDIA Corporation\PhysX\Common;%SystemRoot%\system32;%SystemRoot%;%SystemRoot%\System32\Wbem;%SYSTEMROOT%\System32\WindowsPowerShell\v1.0\;C:\Program Files\Microsoft SQL Server\120\Tools\Binn\;C:\Program Files (x86)\GtkSharp\2.12\bin;C:\Program Files (x86)\Microsoft SQL Server\90\Tools\binn\;C:\Program Files\nodejs\;C:\Program Files (x86)\MySQL\MySQL Fabric 1.5 & MySQL Utilities 1.5\;C:\Program Files (x86)\MySQL\MySQL Fabric 1.5 & MySQL Utilities 1.5\Doctrine extensions for PHP\;C:\Program Files (x86)\PuTTY\;C:\Program Files\iojs\;C:\Program Files (x86)\Leawo\Youtube Download;C:\Ruby23-x64\bin;C:\Users\kimani kogi\.dnx\bin;C:\Program Files (x86)\NMDVPN\bin;C:\Users\kimani kogi\AppData\Local\atom\bin;C:\Program Files (x86)\Microsoft VS Code\bin;C:\Users\kimani kogi\AppData\Roaming\npm;C:\Program Files (x86)\Java\jre7\bin;%USERPROFILE%\AppData\Local\Microsoft\WindowsApps;
USERNAME=kimani kogi
OS=Windows_NT
PROCESSOR_IDENTIFIER=Intel64 Family 6 Model 69 Stepping 1, GenuineIntel



---------------  S Y S T E M  ---------------

OS: Windows 10.0 , 64 bit Build 14393 (10.0.14393.0)

CPU:total 4 (2 cores per cpu, 2 threads per core) family 6 model 69 stepping 1, cmov, cx8, fxsr, mmx, sse, sse2, sse3, ssse3, sse4.1, sse4.2, popcnt, avx, avx2, aes, clmul, erms, lzcnt, ht, tsc, tscinvbit, bmi1, bmi2

Memory: 4k page, physical 4127020k(187532k free), swap 16709932k(4500k free)

vm_info: OpenJDK 64-Bit Server VM (25.76-b03) for windows-amd64 JRE (1.8.0_76-release-b03), built on Jun 29 2016 19:09:20 by "ralucas" with MS VC++ 10.0 (VS2010)

time: Tue Nov 22 09:28:10 2016
elapsed time: 132 seconds (0d 0h 2m 12s)

